<?xml version="1.0" encoding="UTF-8"?>
<testng-results ignored="0" total="2" passed="1" failed="1" skipped="0">
  <reporter-output>
  </reporter-output>
  <suite started-at="2025-04-20T19:25:19 IST" name="Suite" finished-at="2025-04-20T19:25:50 IST" duration-ms="30243">
    <groups>
    </groups>
    <test started-at="2025-04-20T19:25:19 IST" name="firefoxTest" finished-at="2025-04-20T19:25:44 IST" duration-ms="24546">
      <class name="com.mystore.testcases.TestCasePractice">
        <test-method is-config="true" signature="beforeTest(java.lang.String)[pri:0, instance:com.mystore.testcases.TestCasePractice@548e6d58]" started-at="2025-04-20T19:25:20 IST" name="beforeTest" finished-at="2025-04-20T19:25:27 IST" duration-ms="6846" status="PASS">
          <params>
            <param index="0">
              <value>
                <![CDATA[firefox]]>
              </value>
            </param>
          </params>
          <reporter-output>
          </reporter-output>
        </test-method> <!-- beforeTest -->
        <test-method signature="tests()[pri:0, instance:com.mystore.testcases.TestCasePractice@548e6d58]" started-at="2025-04-20T19:25:27 IST" name="tests" finished-at="2025-04-20T19:25:43 IST" duration-ms="16379" status="FAIL">
          <exception class="org.openqa.selenium.TimeoutException">
            <message>
              <![CDATA[Expected condition failed: waiting for visibility of element located by By.xpath: //a[@class='desktop-main'][text()='Women']/following-sibling::*//a[@class='desktop-categoryLink'][text()='Jeans'] (tried for 0 second(s) with 5000 milliseconds interval)
Build info: version: '4.28.1', revision: '73f5ad48a2'
System info: os.name: 'Windows 11', os.arch: 'amd64', os.version: '10.0', java.version: '17.0.7'
Driver info: driver.version: unknown]]>
            </message>
            <full-stacktrace>
              <![CDATA[org.openqa.selenium.TimeoutException: Expected condition failed: waiting for visibility of element located by By.xpath: //a[@class='desktop-main'][text()='Women']/following-sibling::*//a[@class='desktop-categoryLink'][text()='Jeans'] (tried for 0 second(s) with 5000 milliseconds interval)
Build info: version: '4.28.1', revision: '73f5ad48a2'
System info: os.name: 'Windows 11', os.arch: 'amd64', os.version: '10.0', java.version: '17.0.7'
Driver info: driver.version: unknown
at org.openqa.selenium.support.ui.FluentWait.timeoutException(FluentWait.java:265)
at org.openqa.selenium.support.ui.FluentWait.until(FluentWait.java:228)
at com.mystore.testcases.TestCasePractice.tests(test.java:82)
at java.base/jdk.internal.reflect.NativeMethodAccessorImpl.invoke0(Native Method)
at java.base/jdk.internal.reflect.NativeMethodAccessorImpl.invoke(NativeMethodAccessorImpl.java:77)
at java.base/jdk.internal.reflect.DelegatingMethodAccessorImpl.invoke(DelegatingMethodAccessorImpl.java:43)
at java.base/java.lang.reflect.Method.invoke(Method.java:568)
at org.testng.internal.invokers.MethodInvocationHelper.invokeMethod(MethodInvocationHelper.java:139)
at org.testng.internal.invokers.TestInvoker.invokeMethod(TestInvoker.java:677)
at org.testng.internal.invokers.TestInvoker.invokeTestMethod(TestInvoker.java:221)
at org.testng.internal.invokers.MethodRunner.runInSequence(MethodRunner.java:50)
at org.testng.internal.invokers.TestInvoker$MethodInvocationAgent.invoke(TestInvoker.java:969)
at org.testng.internal.invokers.TestInvoker.invokeTestMethods(TestInvoker.java:194)
at org.testng.internal.invokers.TestMethodWorker.invokeTestMethods(TestMethodWorker.java:148)
at org.testng.internal.invokers.TestMethodWorker.run(TestMethodWorker.java:128)
at java.base/java.util.ArrayList.forEach(ArrayList.java:1511)
at org.testng.TestRunner.privateRun(TestRunner.java:829)
at org.testng.TestRunner.run(TestRunner.java:602)
at org.testng.SuiteRunner.runTest(SuiteRunner.java:437)
at org.testng.SuiteRunner$SuiteWorker.run(SuiteRunner.java:475)
at org.testng.internal.thread.ThreadUtil.lambda$execute$0(ThreadUtil.java:58)
at java.base/java.util.concurrent.FutureTask.run(FutureTask.java:264)
at java.base/java.util.concurrent.ThreadPoolExecutor.runWorker(ThreadPoolExecutor.java:1136)
at java.base/java.util.concurrent.ThreadPoolExecutor$Worker.run(ThreadPoolExecutor.java:635)
at java.base/java.lang.Thread.run(Thread.java:833)
]]>
            </full-stacktrace>
          </exception> <!-- org.openqa.selenium.TimeoutException -->
          <reporter-output>
          </reporter-output>
        </test-method> <!-- tests -->
        <test-method is-config="true" signature="terminate()[pri:0, instance:com.mystore.testcases.TestCasePractice@548e6d58]" started-at="2025-04-20T19:25:43 IST" name="terminate" finished-at="2025-04-20T19:25:44 IST" duration-ms="894" status="PASS">
          <reporter-output>
          </reporter-output>
        </test-method> <!-- terminate -->
      </class> <!-- com.mystore.testcases.TestCasePractice -->
    </test> <!-- firefoxTest -->
    <test started-at="2025-04-20T19:25:19 IST" name="ChromeTest" finished-at="2025-04-20T19:25:50 IST" duration-ms="30243">
      <class name="com.mystore.testcases.TestCasePractice">
        <test-method is-config="true" signature="beforeTest(java.lang.String)[pri:0, instance:com.mystore.testcases.TestCasePractice@58a9760d]" started-at="2025-04-20T19:25:20 IST" name="beforeTest" finished-at="2025-04-20T19:25:37 IST" duration-ms="17510" status="PASS">
          <params>
            <param index="0">
              <value>
                <![CDATA[chrome]]>
              </value>
            </param>
          </params>
          <reporter-output>
          </reporter-output>
        </test-method> <!-- beforeTest -->
        <test-method signature="tests()[pri:0, instance:com.mystore.testcases.TestCasePractice@58a9760d]" started-at="2025-04-20T19:25:37 IST" name="tests" finished-at="2025-04-20T19:25:49 IST" duration-ms="12053" status="PASS">
          <reporter-output>
          </reporter-output>
        </test-method> <!-- tests -->
        <test-method is-config="true" signature="terminate()[pri:0, instance:com.mystore.testcases.TestCasePractice@58a9760d]" started-at="2025-04-20T19:25:49 IST" name="terminate" finished-at="2025-04-20T19:25:50 IST" duration-ms="298" status="PASS">
          <reporter-output>
          </reporter-output>
        </test-method> <!-- terminate -->
      </class> <!-- com.mystore.testcases.TestCasePractice -->
    </test> <!-- ChromeTest -->
  </suite> <!-- Suite -->
</testng-results>
