<?xml version="1.0" encoding="UTF-8"?>
<testng-results ignored="0" total="2" passed="2" failed="0" skipped="0">
  <reporter-output>
  </reporter-output>
  <suite started-at="2025-04-20T16:22:23 IST" name="Suite" finished-at="2025-04-20T16:22:46 IST" duration-ms="23205">
    <groups>
    </groups>
    <test started-at="2025-04-20T16:22:23 IST" name="firefoxTest" finished-at="2025-04-20T16:22:42 IST" duration-ms="19061">
      <class name="com.mystore.testcases.test">
        <test-method is-config="true" signature="beforeTest(java.lang.String)[pri:0, instance:com.mystore.testcases.test@313b2ea6]" started-at="2025-04-20T16:22:24 IST" name="beforeTest" finished-at="2025-04-20T16:22:31 IST" duration-ms="7354" status="PASS">
          <params>
            <param index="0">
              <value>
                <![CDATA[firefox]]>
              </value>
            </param>
          </params>
          <reporter-output>
          </reporter-output>
        </test-method> <!-- beforeTest -->
        <test-method signature="tests()[pri:0, instance:com.mystore.testcases.test@313b2ea6]" started-at="2025-04-20T16:22:31 IST" name="tests" finished-at="2025-04-20T16:22:41 IST" duration-ms="9791" status="PASS">
          <reporter-output>
          </reporter-output>
        </test-method> <!-- tests -->
        <test-method is-config="true" signature="terminate()[pri:0, instance:com.mystore.testcases.test@313b2ea6]" started-at="2025-04-20T16:22:41 IST" name="terminate" finished-at="2025-04-20T16:22:42 IST" duration-ms="1186" status="PASS">
          <reporter-output>
          </reporter-output>
        </test-method> <!-- terminate -->
      </class> <!-- com.mystore.testcases.test -->
    </test> <!-- firefoxTest -->
    <test started-at="2025-04-20T16:22:23 IST" name="ChromeTest" finished-at="2025-04-20T16:22:46 IST" duration-ms="23205">
      <class name="com.mystore.testcases.test">
        <test-method is-config="true" signature="beforeTest(java.lang.String)[pri:0, instance:com.mystore.testcases.test@4e50c791]" started-at="2025-04-20T16:22:24 IST" name="beforeTest" finished-at="2025-04-20T16:22:37 IST" duration-ms="13727" status="PASS">
          <params>
            <param index="0">
              <value>
                <![CDATA[chrome]]>
              </value>
            </param>
          </params>
          <reporter-output>
          </reporter-output>
        </test-method> <!-- beforeTest -->
        <test-method signature="tests()[pri:0, instance:com.mystore.testcases.test@4e50c791]" started-at="2025-04-20T16:22:37 IST" name="tests" finished-at="2025-04-20T16:22:46 IST" duration-ms="8539" status="PASS">
          <reporter-output>
          </reporter-output>
        </test-method> <!-- tests -->
        <test-method is-config="true" signature="terminate()[pri:0, instance:com.mystore.testcases.test@4e50c791]" started-at="2025-04-20T16:22:46 IST" name="terminate" finished-at="2025-04-20T16:22:46 IST" duration-ms="294" status="PASS">
          <reporter-output>
          </reporter-output>
        </test-method> <!-- terminate -->
      </class> <!-- com.mystore.testcases.test -->
    </test> <!-- ChromeTest -->
  </suite> <!-- Suite -->
</testng-results>
